This file contains any messages produced by compilers while
running configure, to aid debugging if configure makes a mistake.

It was created by libhdt configure 1.1.2, which was
generated by GNU Autoconf 2.69.  Invocation command line was

  $ ./configure --no-create --no-recursion

## --------- ##
## Platform. ##
## --------- ##

hostname = quantum.ai.wu.ac.at
uname -m = x86_64
uname -r = 4.15.0-167-generic
uname -s = Linux
uname -v = #175-Ubuntu SMP Wed Jan 5 01:56:07 UTC 2022

/usr/bin/uname -p = unknown
/bin/uname -X     = unknown

/bin/arch              = unknown
/usr/bin/arch -k       = unknown
/usr/convex/getsysinfo = unknown
/usr/bin/hostinfo      = unknown
/bin/machine           = unknown
/usr/bin/oslevel       = unknown
/bin/universe          = unknown

PATH: /usr/local/sbin
PATH: /usr/local/bin
PATH: /usr/sbin
PATH: /usr/bin
PATH: /sbin
PATH: /bin
PATH: /usr/games
PATH: /usr/local/games
PATH: /snap/bin
PATH: /usr/lib/jvm/java-8-oracle/bin
PATH: /usr/lib/jvm/java-8-oracle/db/bin
PATH: /usr/lib/jvm/java-8-oracle/jre/bin
PATH: /usr/lib/jvm/java-8-oracle/bin
PATH: /usr/lib/jvm/java-8-oracle/db/bin
PATH: /usr/lib/jvm/java-8-oracle/jre/bin


## ----------- ##
## Core tests. ##
## ----------- ##

configure:2681: checking for a BSD-compatible install
configure:2749: result: /usr/bin/install -c
configure:2760: checking whether build environment is sane
configure:2815: result: yes
configure:2966: checking for a thread-safe mkdir -p
configure:3005: result: /bin/mkdir -p
configure:3012: checking for gawk
configure:3028: found /usr/bin/gawk
configure:3039: result: gawk
configure:3050: checking whether make sets $(MAKE)
configure:3072: result: yes
configure:3101: checking whether make supports nested variables
configure:3118: result: yes
configure:3255: checking whether make supports nested variables
configure:3272: result: yes
configure:3346: checking for g++
configure:3362: found /usr/bin/g++
configure:3373: result: g++
configure:3400: checking for C++ compiler version
configure:3409: g++ --version >&5
g++ (Ubuntu 7.5.0-3ubuntu1~18.04) 7.5.0
Copyright (C) 2017 Free Software Foundation, Inc.
This is free software; see the source for copying conditions.  There is NO
warranty; not even for MERCHANTABILITY or FITNESS FOR A PARTICULAR PURPOSE.

configure:3420: $? = 0
configure:3409: g++ -v >&5
Using built-in specs.
COLLECT_GCC=g++
COLLECT_LTO_WRAPPER=/usr/lib/gcc/x86_64-linux-gnu/7/lto-wrapper
OFFLOAD_TARGET_NAMES=nvptx-none
OFFLOAD_TARGET_DEFAULT=1
Target: x86_64-linux-gnu
Configured with: ../src/configure -v --with-pkgversion='Ubuntu 7.5.0-3ubuntu1~18.04' --with-bugurl=file:///usr/share/doc/gcc-7/README.Bugs --enable-languages=c,ada,c++,go,brig,d,fortran,objc,obj-c++ --prefix=/usr --with-gcc-major-version-only --program-suffix=-7 --program-prefix=x86_64-linux-gnu- --enable-shared --enable-linker-build-id --libexecdir=/usr/lib --without-included-gettext --enable-threads=posix --libdir=/usr/lib --enable-nls --enable-bootstrap --enable-clocale=gnu --enable-libstdcxx-debug --enable-libstdcxx-time=yes --with-default-libstdcxx-abi=new --enable-gnu-unique-object --disable-vtable-verify --enable-libmpx --enable-plugin --enable-default-pie --with-system-zlib --with-target-system-zlib --enable-objc-gc=auto --enable-multiarch --disable-werror --with-arch-32=i686 --with-abi=m64 --with-multilib-list=m32,m64,mx32 --enable-multilib --with-tune=generic --enable-offload-targets=nvptx-none --without-cuda-driver --enable-checking=release --build=x86_64-linux-gnu --host=x86_64-linux-gnu --target=x86_64-linux-gnu
Thread model: posix
gcc version 7.5.0 (Ubuntu 7.5.0-3ubuntu1~18.04) 
configure:3420: $? = 0
configure:3409: g++ -V >&5
g++: error: unrecognized command line option '-V'
g++: fatal error: no input files
compilation terminated.
configure:3420: $? = 1
configure:3409: g++ -qversion >&5
g++: error: unrecognized command line option '-qversion'; did you mean '--version'?
g++: fatal error: no input files
compilation terminated.
configure:3420: $? = 1
configure:3440: checking whether the C++ compiler works
configure:3462: g++    conftest.cpp  >&5
configure:3466: $? = 0
configure:3514: result: yes
configure:3517: checking for C++ compiler default output file name
configure:3519: result: a.out
configure:3525: checking for suffix of executables
configure:3532: g++ -o conftest    conftest.cpp  >&5
configure:3536: $? = 0
configure:3558: result: 
configure:3580: checking whether we are cross compiling
configure:3588: g++ -o conftest    conftest.cpp  >&5
configure:3592: $? = 0
configure:3599: ./conftest
configure:3603: $? = 0
configure:3618: result: no
configure:3623: checking for suffix of object files
configure:3645: g++ -c   conftest.cpp >&5
configure:3649: $? = 0
configure:3670: result: o
configure:3674: checking whether we are using the GNU C++ compiler
configure:3693: g++ -c   conftest.cpp >&5
configure:3693: $? = 0
configure:3702: result: yes
configure:3711: checking whether g++ accepts -g
configure:3731: g++ -c -g  conftest.cpp >&5
configure:3731: $? = 0
configure:3772: result: yes
configure:3806: checking for style of include used by make
configure:3834: result: GNU
configure:3860: checking dependency style of g++
configure:3971: result: gcc3
configure:4034: checking for gcc
configure:4050: found /usr/bin/gcc
configure:4061: result: gcc
configure:4290: checking for C compiler version
configure:4299: gcc --version >&5
gcc (Ubuntu 7.5.0-3ubuntu1~18.04) 7.5.0
Copyright (C) 2017 Free Software Foundation, Inc.
This is free software; see the source for copying conditions.  There is NO
warranty; not even for MERCHANTABILITY or FITNESS FOR A PARTICULAR PURPOSE.

configure:4310: $? = 0
configure:4299: gcc -v >&5
Using built-in specs.
COLLECT_GCC=gcc
COLLECT_LTO_WRAPPER=/usr/lib/gcc/x86_64-linux-gnu/7/lto-wrapper
OFFLOAD_TARGET_NAMES=nvptx-none
OFFLOAD_TARGET_DEFAULT=1
Target: x86_64-linux-gnu
Configured with: ../src/configure -v --with-pkgversion='Ubuntu 7.5.0-3ubuntu1~18.04' --with-bugurl=file:///usr/share/doc/gcc-7/README.Bugs --enable-languages=c,ada,c++,go,brig,d,fortran,objc,obj-c++ --prefix=/usr --with-gcc-major-version-only --program-suffix=-7 --program-prefix=x86_64-linux-gnu- --enable-shared --enable-linker-build-id --libexecdir=/usr/lib --without-included-gettext --enable-threads=posix --libdir=/usr/lib --enable-nls --enable-bootstrap --enable-clocale=gnu --enable-libstdcxx-debug --enable-libstdcxx-time=yes --with-default-libstdcxx-abi=new --enable-gnu-unique-object --disable-vtable-verify --enable-libmpx --enable-plugin --enable-default-pie --with-system-zlib --with-target-system-zlib --enable-objc-gc=auto --enable-multiarch --disable-werror --with-arch-32=i686 --with-abi=m64 --with-multilib-list=m32,m64,mx32 --enable-multilib --with-tune=generic --enable-offload-targets=nvptx-none --without-cuda-driver --enable-checking=release --build=x86_64-linux-gnu --host=x86_64-linux-gnu --target=x86_64-linux-gnu
Thread model: posix
gcc version 7.5.0 (Ubuntu 7.5.0-3ubuntu1~18.04) 
configure:4310: $? = 0
configure:4299: gcc -V >&5
gcc: error: unrecognized command line option '-V'
gcc: fatal error: no input files
compilation terminated.
configure:4310: $? = 1
configure:4299: gcc -qversion >&5
gcc: error: unrecognized command line option '-qversion'; did you mean '--version'?
gcc: fatal error: no input files
compilation terminated.
configure:4310: $? = 1
configure:4314: checking whether we are using the GNU C compiler
configure:4333: gcc -c   conftest.c >&5
configure:4333: $? = 0
configure:4342: result: yes
configure:4351: checking whether gcc accepts -g
configure:4371: gcc -c -g  conftest.c >&5
configure:4371: $? = 0
configure:4412: result: yes
configure:4429: checking for gcc option to accept ISO C89
configure:4492: gcc  -c -g -O2  conftest.c >&5
configure:4492: $? = 0
configure:4505: result: none needed
configure:4530: checking whether gcc understands -c and -o together
configure:4552: gcc -c conftest.c -o conftest2.o
configure:4555: $? = 0
configure:4552: gcc -c conftest.c -o conftest2.o
configure:4555: $? = 0
configure:4567: result: yes
configure:4586: checking dependency style of gcc
configure:4697: result: gcc3
configure:4718: checking how to run the C preprocessor
configure:4749: gcc -E  conftest.c
configure:4749: $? = 0
configure:4763: gcc -E  conftest.c
conftest.c:11:10: fatal error: ac_nonexistent.h: No such file or directory
 #include <ac_nonexistent.h>
          ^~~~~~~~~~~~~~~~~~
compilation terminated.
configure:4763: $? = 1
configure: failed program was:
| /* confdefs.h */
| #define PACKAGE_NAME "libhdt"
| #define PACKAGE_TARNAME "hdt"
| #define PACKAGE_VERSION "1.1.2"
| #define PACKAGE_STRING "libhdt 1.1.2"
| #define PACKAGE_BUGREPORT "some@email.com"
| #define PACKAGE_URL "https://github.com/rdfhdt/hdt-cpp"
| #define PACKAGE "hdt"
| #define VERSION "1.1.2"
| /* end confdefs.h.  */
| #include <ac_nonexistent.h>
configure:4788: result: gcc -E
configure:4808: gcc -E  conftest.c
configure:4808: $? = 0
configure:4822: gcc -E  conftest.c
conftest.c:11:10: fatal error: ac_nonexistent.h: No such file or directory
 #include <ac_nonexistent.h>
          ^~~~~~~~~~~~~~~~~~
compilation terminated.
configure:4822: $? = 1
configure: failed program was:
| /* confdefs.h */
| #define PACKAGE_NAME "libhdt"
| #define PACKAGE_TARNAME "hdt"
| #define PACKAGE_VERSION "1.1.2"
| #define PACKAGE_STRING "libhdt 1.1.2"
| #define PACKAGE_BUGREPORT "some@email.com"
| #define PACKAGE_URL "https://github.com/rdfhdt/hdt-cpp"
| #define PACKAGE "hdt"
| #define VERSION "1.1.2"
| /* end confdefs.h.  */
| #include <ac_nonexistent.h>
configure:4851: checking for grep that handles long lines and -e
configure:4909: result: /bin/grep
configure:4914: checking for egrep
configure:4976: result: /bin/grep -E
configure:4983: checking for Minix Amsterdam compiler
configure:5007: result: no
configure:5059: checking for ar
configure:5075: found /usr/bin/ar
configure:5086: result: ar
configure:5166: checking for ranlib
configure:5182: found /usr/bin/ranlib
configure:5193: result: ranlib
configure:5235: checking how to run the C preprocessor
configure:5305: result: gcc -E
configure:5325: gcc -E  conftest.c
configure:5325: $? = 0
configure:5339: gcc -E  conftest.c
conftest.c:11:10: fatal error: ac_nonexistent.h: No such file or directory
 #include <ac_nonexistent.h>
          ^~~~~~~~~~~~~~~~~~
compilation terminated.
configure:5339: $? = 1
configure: failed program was:
| /* confdefs.h */
| #define PACKAGE_NAME "libhdt"
| #define PACKAGE_TARNAME "hdt"
| #define PACKAGE_VERSION "1.1.2"
| #define PACKAGE_STRING "libhdt 1.1.2"
| #define PACKAGE_BUGREPORT "some@email.com"
| #define PACKAGE_URL "https://github.com/rdfhdt/hdt-cpp"
| #define PACKAGE "hdt"
| #define VERSION "1.1.2"
| /* end confdefs.h.  */
| #include <ac_nonexistent.h>
configure:5469: checking the archiver (ar) interface
configure:5485: gcc -c -g -O2  conftest.c >&5
configure:5485: $? = 0
configure:5487: ar cru libconftest.a conftest.o >&5
ar: `u' modifier ignored since `D' is the default (see `U')
configure:5490: $? = 0
configure:5518: result: ar
configure:5567: checking build system type
configure:5581: result: x86_64-pc-linux-gnu
configure:5601: checking host system type
configure:5614: result: x86_64-pc-linux-gnu
configure:5655: checking how to print strings
configure:5682: result: printf
configure:5703: checking for a sed that does not truncate output
configure:5767: result: /bin/sed
configure:5785: checking for fgrep
configure:5847: result: /bin/grep -F
configure:5882: checking for ld used by gcc
configure:5949: result: /usr/bin/ld
configure:5956: checking if the linker (/usr/bin/ld) is GNU ld
configure:5971: result: yes
configure:5983: checking for BSD- or MS-compatible name lister (nm)
configure:6037: result: /usr/bin/nm -B
configure:6167: checking the name lister (/usr/bin/nm -B) interface
configure:6174: g++ -c   conftest.cpp >&5
configure:6177: /usr/bin/nm -B "conftest.o"
configure:6180: output
0000000000000000 B some_variable
configure:6187: result: BSD nm
configure:6190: checking whether ln -s works
configure:6194: result: yes
configure:6202: checking the maximum length of command line arguments
configure:6333: result: 1572864
configure:6381: checking how to convert x86_64-pc-linux-gnu file names to x86_64-pc-linux-gnu format
configure:6421: result: func_convert_file_noop
configure:6428: checking how to convert x86_64-pc-linux-gnu file names to toolchain format
configure:6448: result: func_convert_file_noop
configure:6455: checking for /usr/bin/ld option to reload object files
configure:6462: result: -r
configure:6536: checking for objdump
configure:6552: found /usr/bin/objdump
configure:6563: result: objdump
configure:6595: checking how to recognize dependent libraries
configure:6795: result: pass_all
configure:6880: checking for dlltool
configure:6910: result: no
configure:6940: checking how to associate runtime and link libraries
configure:6967: result: printf %s\n
configure:7092: checking for archiver @FILE support
configure:7109: g++ -c   conftest.cpp >&5
configure:7109: $? = 0
configure:7112: ar cru libconftest.a @conftest.lst >&5
ar: `u' modifier ignored since `D' is the default (see `U')
configure:7115: $? = 0
configure:7120: ar cru libconftest.a @conftest.lst >&5
ar: `u' modifier ignored since `D' is the default (see `U')
ar: conftest.o: No such file or directory
configure:7123: $? = 1
configure:7135: result: @
configure:7193: checking for strip
configure:7209: found /usr/bin/strip
configure:7220: result: strip
configure:7292: checking for ranlib
configure:7319: result: ranlib
configure:7421: checking command to parse /usr/bin/nm -B output from gcc object
configure:7574: g++ -c   conftest.cpp >&5
configure:7577: $? = 0
configure:7581: /usr/bin/nm -B conftest.o \| sed -n -e 's/^.*[ ]\([ABCDGIRSTW][ABCDGIRSTW]*\)[ ][ ]*\([_A-Za-z][_A-Za-z0-9]*\)$/\1 \2 \2/p' | sed '/ __gnu_lto/d' \> conftest.nm
configure:7584: $? = 0
configure:7650: g++ -o conftest    conftest.cpp conftstm.o >&5
configure:7653: $? = 0
configure:7691: result: ok
configure:7738: checking for sysroot
configure:7768: result: no
configure:7775: checking for a working dd
configure:7813: result: /bin/dd
configure:7817: checking how to truncate binary pipes
configure:7832: result: /bin/dd bs=4096 count=1
configure:7968: g++ -c   conftest.cpp >&5
configure:7971: $? = 0
configure:8161: checking for mt
configure:8177: found /bin/mt
configure:8188: result: mt
configure:8211: checking if mt is a manifest tool
configure:8217: mt '-?'
configure:8225: result: no
configure:8897: checking for ANSI C header files
configure:8917: g++ -c   conftest.cpp >&5
configure:8917: $? = 0
./configure: line 8931: conftest.cpp: command not found
configure:9001: result: no
configure:9014: checking for sys/types.h
configure:9014: g++ -c   conftest.cpp >&5
configure:9014: $? = 0
configure:9014: result: yes
configure:9014: checking for sys/stat.h
configure:9014: g++ -c   conftest.cpp >&5
configure:9014: $? = 0
configure:9014: result: yes
configure:9014: checking for stdlib.h
configure:9014: g++ -c   conftest.cpp >&5
configure:9014: $? = 0
configure:9014: result: yes
configure:9014: checking for string.h
configure:9014: g++ -c   conftest.cpp >&5
configure:9014: $? = 0
configure:9014: result: yes
configure:9014: checking for memory.h
configure:9014: g++ -c   conftest.cpp >&5
configure:9014: $? = 0
configure:9014: result: yes
configure:9014: checking for strings.h
configure:9014: g++ -c   conftest.cpp >&5
configure:9014: $? = 0
configure:9014: result: yes
configure:9014: checking for inttypes.h
configure:9014: g++ -c   conftest.cpp >&5
configure:9014: $? = 0
configure:9014: result: yes
configure:9014: checking for stdint.h
configure:9014: g++ -c   conftest.cpp >&5
configure:9014: $? = 0
configure:9014: result: yes
configure:9014: checking for unistd.h
configure:9014: g++ -c   conftest.cpp >&5
configure:9014: $? = 0
configure:9014: result: yes
configure:9028: checking for dlfcn.h
configure:9028: g++ -c   conftest.cpp >&5
configure:9028: $? = 0
configure:9028: result: yes
configure:9292: checking for objdir
configure:9307: result: .libs
configure:9571: checking if gcc supports -fno-rtti -fno-exceptions
configure:9589: gcc -c -g -O2  -fno-rtti -fno-exceptions conftest.c >&5
cc1: warning: command line option '-fno-rtti' is valid for C++/ObjC++ but not for C
configure:9593: $? = 0
configure:9606: result: no
configure:9964: checking for gcc option to produce PIC
configure:9971: result: -fPIC -DPIC
configure:9979: checking if gcc PIC flag -fPIC -DPIC works
configure:9997: gcc -c -g -O2  -fPIC -DPIC -DPIC conftest.c >&5
configure:10001: $? = 0
configure:10014: result: yes
configure:10043: checking if gcc static flag -static works
configure:10071: result: yes
configure:10086: checking if gcc supports -c -o file.o
configure:10107: gcc -c -g -O2  -o out/conftest2.o conftest.c >&5
configure:10111: $? = 0
configure:10133: result: yes
configure:10141: checking if gcc supports -c -o file.o
configure:10188: result: yes
configure:10221: checking whether the gcc linker (/usr/bin/ld -m elf_x86_64) supports shared libraries
configure:11484: result: yes
configure:11521: checking whether -lc should be explicitly linked in
configure:11529: gcc -c -g -O2  conftest.c >&5
configure:11532: $? = 0
configure:11547: gcc -shared  -fPIC -DPIC conftest.o  -v -Wl,-soname -Wl,conftest -o conftest 2\>\&1 \| /bin/grep  -lc  \>/dev/null 2\>\&1
configure:11550: $? = 0
configure:11564: result: no
configure:11724: checking dynamic linker characteristics
configure:12305: gcc -o conftest -g -O2   -Wl,-rpath -Wl,/foo conftest.c  >&5
configure:12305: $? = 0
configure:12554: result: GNU/Linux ld.so
configure:12676: checking how to hardcode library paths into programs
configure:12701: result: immediate
configure:13249: checking whether stripping libraries is possible
configure:13254: result: yes
configure:13289: checking if libtool supports shared libraries
configure:13291: result: yes
configure:13294: checking whether to build shared libraries
configure:13319: result: yes
configure:13322: checking whether to build static libraries
configure:13326: result: yes
configure:13349: checking how to run the C++ preprocessor
configure:13376: g++ -E  conftest.cpp
configure:13376: $? = 0
configure:13390: g++ -E  conftest.cpp
conftest.cpp:22:10: fatal error: ac_nonexistent.h: No such file or directory
 #include <ac_nonexistent.h>
          ^~~~~~~~~~~~~~~~~~
compilation terminated.
configure:13390: $? = 1
configure: failed program was:
| /* confdefs.h */
| #define PACKAGE_NAME "libhdt"
| #define PACKAGE_TARNAME "hdt"
| #define PACKAGE_VERSION "1.1.2"
| #define PACKAGE_STRING "libhdt 1.1.2"
| #define PACKAGE_BUGREPORT "some@email.com"
| #define PACKAGE_URL "https://github.com/rdfhdt/hdt-cpp"
| #define PACKAGE "hdt"
| #define VERSION "1.1.2"
| #define HAVE_SYS_TYPES_H 1
| #define HAVE_SYS_STAT_H 1
| #define HAVE_STDLIB_H 1
| #define HAVE_STRING_H 1
| #define HAVE_MEMORY_H 1
| #define HAVE_STRINGS_H 1
| #define HAVE_INTTYPES_H 1
| #define HAVE_STDINT_H 1
| #define HAVE_UNISTD_H 1
| #define HAVE_DLFCN_H 1
| #define LT_OBJDIR ".libs/"
| /* end confdefs.h.  */
| #include <ac_nonexistent.h>
configure:13415: result: g++ -E
configure:13435: g++ -E  conftest.cpp
configure:13435: $? = 0
configure:13449: g++ -E  conftest.cpp
conftest.cpp:22:10: fatal error: ac_nonexistent.h: No such file or directory
 #include <ac_nonexistent.h>
          ^~~~~~~~~~~~~~~~~~
compilation terminated.
configure:13449: $? = 1
configure: failed program was:
| /* confdefs.h */
| #define PACKAGE_NAME "libhdt"
| #define PACKAGE_TARNAME "hdt"
| #define PACKAGE_VERSION "1.1.2"
| #define PACKAGE_STRING "libhdt 1.1.2"
| #define PACKAGE_BUGREPORT "some@email.com"
| #define PACKAGE_URL "https://github.com/rdfhdt/hdt-cpp"
| #define PACKAGE "hdt"
| #define VERSION "1.1.2"
| #define HAVE_SYS_TYPES_H 1
| #define HAVE_SYS_STAT_H 1
| #define HAVE_STDLIB_H 1
| #define HAVE_STRING_H 1
| #define HAVE_MEMORY_H 1
| #define HAVE_STRINGS_H 1
| #define HAVE_INTTYPES_H 1
| #define HAVE_STDINT_H 1
| #define HAVE_UNISTD_H 1
| #define HAVE_DLFCN_H 1
| #define LT_OBJDIR ".libs/"
| /* end confdefs.h.  */
| #include <ac_nonexistent.h>
configure:13611: checking for ld used by g++
configure:13678: result: /usr/bin/ld -m elf_x86_64
configure:13685: checking if the linker (/usr/bin/ld -m elf_x86_64) is GNU ld
configure:13700: result: yes
configure:13755: checking whether the g++ linker (/usr/bin/ld -m elf_x86_64) supports shared libraries
configure:14828: result: yes
configure:14864: g++ -c   conftest.cpp >&5
configure:14867: $? = 0
configure:15348: checking for g++ option to produce PIC
configure:15355: result: -fPIC -DPIC
configure:15363: checking if g++ PIC flag -fPIC -DPIC works
configure:15381: g++ -c   -fPIC -DPIC -DPIC conftest.cpp >&5
configure:15385: $? = 0
configure:15398: result: yes
configure:15421: checking if g++ static flag -static works
configure:15449: result: yes
configure:15461: checking if g++ supports -c -o file.o
configure:15482: g++ -c   -o out/conftest2.o conftest.cpp >&5
configure:15486: $? = 0
configure:15508: result: yes
configure:15513: checking if g++ supports -c -o file.o
configure:15560: result: yes
configure:15590: checking whether the g++ linker (/usr/bin/ld -m elf_x86_64) supports shared libraries
configure:15633: result: yes
configure:15774: checking dynamic linker characteristics
configure:16531: result: GNU/Linux ld.so
configure:16596: checking how to hardcode library paths into programs
configure:16621: result: immediate
configure:16689: checking whether g++ supports C++11 features by default
configure:16983: g++ -c   conftest.cpp >&5
configure:16983: $? = 0
configure:16990: result: yes
configure:17349: checking whether to enable optimizations
configure:17357: result: yes
configure:17362: checking whether to build libcds
configure:17370: result: yes
configure:17446: checking for pkg-config
configure:17464: found /usr/bin/pkg-config
configure:17476: result: /usr/bin/pkg-config
configure:17501: checking pkg-config is at least version 0.9.0
configure:17504: result: yes
configure:17515: checking for ZLIB
configure:17522: $PKG_CONFIG --exists --print-errors "zlib"
configure:17525: $? = 0
configure:17539: $PKG_CONFIG --exists --print-errors "zlib"
configure:17542: $? = 0
configure:17600: result: yes
configure:17622: checking for SERD
configure:17629: $PKG_CONFIG --exists --print-errors "serd-0 >= 0.28.0"
configure:17632: $? = 0
configure:17646: $PKG_CONFIG --exists --print-errors "serd-0 >= 0.28.0"
configure:17649: $? = 0
configure:17707: result: yes
configure:17826: checking for stdbool.h that conforms to C99
configure:17893: g++ -c  -g -O2 -std=c++11  conftest.cpp >&5
conftest.cpp:28:15: error: expected unqualified-id before string constant
               "error: bool is not defined"
               ^~~~~~~~~~~~~~~~~~~~~~~~~~~~
conftest.cpp:46:48: error: 's' does not name a type
              struct s { _Bool s: 1; _Bool t; } s;
                                                ^
conftest.cpp:56:28: error: 's' was not declared in this scope
              char i[sizeof s.t];
                            ^
conftest.cpp: In function 'int main()':
conftest.cpp:74:24: error: 's' was not declared in this scope
              bool e = &s;
                        ^
conftest.cpp:78:63: error: 'i' was not declared in this scope
              return (!a + !b + !c + !d + !e + !f + !g + !h + !i + !!j + !k + !!l
                                                               ^
configure:17893: $? = 1
configure: failed program was:
| /* confdefs.h */
| #define PACKAGE_NAME "libhdt"
| #define PACKAGE_TARNAME "hdt"
| #define PACKAGE_VERSION "1.1.2"
| #define PACKAGE_STRING "libhdt 1.1.2"
| #define PACKAGE_BUGREPORT "some@email.com"
| #define PACKAGE_URL "https://github.com/rdfhdt/hdt-cpp"
| #define PACKAGE "hdt"
| #define VERSION "1.1.2"
| #define HAVE_SYS_TYPES_H 1
| #define HAVE_SYS_STAT_H 1
| #define HAVE_STDLIB_H 1
| #define HAVE_STRING_H 1
| #define HAVE_MEMORY_H 1
| #define HAVE_STRINGS_H 1
| #define HAVE_INTTYPES_H 1
| #define HAVE_STDINT_H 1
| #define HAVE_UNISTD_H 1
| #define HAVE_DLFCN_H 1
| #define LT_OBJDIR ".libs/"
| #define HAVE_CXX11 1
| #define HAVE_LIBZ 1
| #define HAVE_SERD 1
| /* end confdefs.h.  */
| 
|              #include <stdbool.h>
|              #ifndef bool
|               "error: bool is not defined"
|              #endif
|              #ifndef false
|               "error: false is not defined"
|              #endif
|              #if false
|               "error: false is not 0"
|              #endif
|              #ifndef true
|               "error: true is not defined"
|              #endif
|              #if true != 1
|               "error: true is not 1"
|              #endif
|              #ifndef __bool_true_false_are_defined
|               "error: __bool_true_false_are_defined is not defined"
|              #endif
| 
|              struct s { _Bool s: 1; _Bool t; } s;
| 
|              char a[true == 1 ? 1 : -1];
|              char b[false == 0 ? 1 : -1];
|              char c[__bool_true_false_are_defined == 1 ? 1 : -1];
|              char d[(bool) 0.5 == true ? 1 : -1];
|              /* See body of main program for 'e'.  */
|              char f[(_Bool) 0.0 == false ? 1 : -1];
|              char g[true];
|              char h[sizeof (_Bool)];
|              char i[sizeof s.t];
|              enum { j = false, k = true, l = false * true, m = true * 256 };
|              /* The following fails for
|                 HP aC++/ANSI C B3910B A.05.55 [Dec 04 2003]. */
|              _Bool n[m];
|              char o[sizeof n == m * sizeof n[0] ? 1 : -1];
|              char p[-1 - (_Bool) 0 < 0 && -1 - (bool) 0 < 0 ? 1 : -1];
|              /* Catch a bug in an HP-UX C compiler.  See
|                 http://gcc.gnu.org/ml/gcc-patches/2003-12/msg02303.html
|                 http://lists.gnu.org/archive/html/bug-coreutils/2005-11/msg00161.html
|               */
|              _Bool q = true;
|              _Bool *pq = &q;
| 
| int
| main ()
| {
| 
|              bool e = &s;
|              *pq |= q;
|              *pq |= ! q;
|              /* Refer to every declared value, to avoid compiler optimizations.  */
|              return (!a + !b + !c + !d + !e + !f + !g + !h + !i + !!j + !k + !!l
|                      + !m + !n + !o + !p + !q + !pq);
| 
|   ;
|   return 0;
| }
configure:17900: result: no
configure:17902: checking for _Bool
configure:17902: g++ -c  -g -O2 -std=c++11  conftest.cpp >&5
conftest.cpp: In function 'int main()':
conftest.cpp:61:13: error: '_Bool' was not declared in this scope
 if (sizeof (_Bool))
             ^~~~~
conftest.cpp:61:13: note: suggested alternative: 'bool'
 if (sizeof (_Bool))
             ^~~~~
             bool
configure:17902: $? = 1
configure: failed program was:
| /* confdefs.h */
| #define PACKAGE_NAME "libhdt"
| #define PACKAGE_TARNAME "hdt"
| #define PACKAGE_VERSION "1.1.2"
| #define PACKAGE_STRING "libhdt 1.1.2"
| #define PACKAGE_BUGREPORT "some@email.com"
| #define PACKAGE_URL "https://github.com/rdfhdt/hdt-cpp"
| #define PACKAGE "hdt"
| #define VERSION "1.1.2"
| #define HAVE_SYS_TYPES_H 1
| #define HAVE_SYS_STAT_H 1
| #define HAVE_STDLIB_H 1
| #define HAVE_STRING_H 1
| #define HAVE_MEMORY_H 1
| #define HAVE_STRINGS_H 1
| #define HAVE_INTTYPES_H 1
| #define HAVE_STDINT_H 1
| #define HAVE_UNISTD_H 1
| #define HAVE_DLFCN_H 1
| #define LT_OBJDIR ".libs/"
| #define HAVE_CXX11 1
| #define HAVE_LIBZ 1
| #define HAVE_SERD 1
| /* end confdefs.h.  */
| #include <stdio.h>
| #ifdef HAVE_SYS_TYPES_H
| # include <sys/types.h>
| #endif
| #ifdef HAVE_SYS_STAT_H
| # include <sys/stat.h>
| #endif
| #ifdef STDC_HEADERS
| # include <stdlib.h>
| # include <stddef.h>
| #else
| # ifdef HAVE_STDLIB_H
| #  include <stdlib.h>
| # endif
| #endif
| #ifdef HAVE_STRING_H
| # if !defined STDC_HEADERS && defined HAVE_MEMORY_H
| #  include <memory.h>
| # endif
| # include <string.h>
| #endif
| #ifdef HAVE_STRINGS_H
| # include <strings.h>
| #endif
| #ifdef HAVE_INTTYPES_H
| # include <inttypes.h>
| #endif
| #ifdef HAVE_STDINT_H
| # include <stdint.h>
| #endif
| #ifdef HAVE_UNISTD_H
| # include <unistd.h>
| #endif
| int
| main ()
| {
| if (sizeof (_Bool))
| 	 return 0;
|   ;
|   return 0;
| }
configure:17902: result: no
configure:17919: checking for inline
configure:17935: g++ -c  -g -O2 -std=c++11  conftest.cpp >&5
configure:17935: $? = 0
configure:17943: result: inline
configure:17961: checking for size_t
configure:17961: g++ -c  -g -O2 -std=c++11  conftest.cpp >&5
configure:17961: $? = 0
configure:17961: g++ -c  -g -O2 -std=c++11  conftest.cpp >&5
conftest.cpp: In function 'int main()':
conftest.cpp:61:20: error: expected primary-expression before ')' token
 if (sizeof ((size_t)))
                    ^
configure:17961: $? = 1
configure: failed program was:
| /* confdefs.h */
| #define PACKAGE_NAME "libhdt"
| #define PACKAGE_TARNAME "hdt"
| #define PACKAGE_VERSION "1.1.2"
| #define PACKAGE_STRING "libhdt 1.1.2"
| #define PACKAGE_BUGREPORT "some@email.com"
| #define PACKAGE_URL "https://github.com/rdfhdt/hdt-cpp"
| #define PACKAGE "hdt"
| #define VERSION "1.1.2"
| #define HAVE_SYS_TYPES_H 1
| #define HAVE_SYS_STAT_H 1
| #define HAVE_STDLIB_H 1
| #define HAVE_STRING_H 1
| #define HAVE_MEMORY_H 1
| #define HAVE_STRINGS_H 1
| #define HAVE_INTTYPES_H 1
| #define HAVE_STDINT_H 1
| #define HAVE_UNISTD_H 1
| #define HAVE_DLFCN_H 1
| #define LT_OBJDIR ".libs/"
| #define HAVE_CXX11 1
| #define HAVE_LIBZ 1
| #define HAVE_SERD 1
| /* end confdefs.h.  */
| #include <stdio.h>
| #ifdef HAVE_SYS_TYPES_H
| # include <sys/types.h>
| #endif
| #ifdef HAVE_SYS_STAT_H
| # include <sys/stat.h>
| #endif
| #ifdef STDC_HEADERS
| # include <stdlib.h>
| # include <stddef.h>
| #else
| # ifdef HAVE_STDLIB_H
| #  include <stdlib.h>
| # endif
| #endif
| #ifdef HAVE_STRING_H
| # if !defined STDC_HEADERS && defined HAVE_MEMORY_H
| #  include <memory.h>
| # endif
| # include <string.h>
| #endif
| #ifdef HAVE_STRINGS_H
| # include <strings.h>
| #endif
| #ifdef HAVE_INTTYPES_H
| # include <inttypes.h>
| #endif
| #ifdef HAVE_STDINT_H
| # include <stdint.h>
| #endif
| #ifdef HAVE_UNISTD_H
| # include <unistd.h>
| #endif
| int
| main ()
| {
| if (sizeof ((size_t)))
| 	    return 0;
|   ;
|   return 0;
| }
configure:17961: result: yes
configure:17972: checking for uint32_t
configure:17972: g++ -c  -g -O2 -std=c++11  conftest.cpp >&5
configure:17972: $? = 0
configure:17972: result: yes
configure:17990: checking for stdlib.h
configure:17990: result: yes
configure:18000: checking for GNU libc compatible malloc
configure:18024: g++ -o conftest  -g -O2 -std=c++11   conftest.cpp  >&5
configure:18024: $? = 0
configure:18024: ./conftest
configure:18024: $? = 0
configure:18034: result: yes
configure:18057: checking for stdlib.h
configure:18057: result: yes
configure:18067: checking for GNU libc compatible realloc
configure:18091: g++ -o conftest  -g -O2 -std=c++11   conftest.cpp  >&5
configure:18091: $? = 0
configure:18091: ./conftest
configure:18091: $? = 0
configure:18101: result: yes
configure:18124: checking for select
configure:18124: g++ -o conftest  -g -O2 -std=c++11   conftest.cpp  >&5
configure:18124: $? = 0
configure:18124: result: yes
configure:18202: checking whether C++ compiler handles -Werror -Wunknown-warning-option
configure:18221: g++ -o conftest  -g -O2 -std=c++11  -Werror -Wunknown-warning-option   conftest.cpp  >&5
g++: error: unrecognized command line option '-Wunknown-warning-option'
configure:18221: $? = 1
configure: failed program was:
| /* confdefs.h */
| #define PACKAGE_NAME "libhdt"
| #define PACKAGE_TARNAME "hdt"
| #define PACKAGE_VERSION "1.1.2"
| #define PACKAGE_STRING "libhdt 1.1.2"
| #define PACKAGE_BUGREPORT "some@email.com"
| #define PACKAGE_URL "https://github.com/rdfhdt/hdt-cpp"
| #define PACKAGE "hdt"
| #define VERSION "1.1.2"
| #define HAVE_SYS_TYPES_H 1
| #define HAVE_SYS_STAT_H 1
| #define HAVE_STDLIB_H 1
| #define HAVE_STRING_H 1
| #define HAVE_MEMORY_H 1
| #define HAVE_STRINGS_H 1
| #define HAVE_INTTYPES_H 1
| #define HAVE_STDINT_H 1
| #define HAVE_UNISTD_H 1
| #define HAVE_DLFCN_H 1
| #define LT_OBJDIR ".libs/"
| #define HAVE_CXX11 1
| #define HAVE_LIBZ 1
| #define HAVE_SERD 1
| #define HAVE_STDLIB_H 1
| #define HAVE_MALLOC 1
| #define HAVE_STDLIB_H 1
| #define HAVE_REALLOC 1
| #define HAVE_SELECT 1
| /* end confdefs.h.  */
| 
| int
| main ()
| {
| 
|   ;
|   return 0;
| }
configure:18231: result: no
configure:18240: checking whether C++ compiler handles -Wall
configure:18259: g++ -o conftest  -g -O2 -std=c++11  -Wall   conftest.cpp  >&5
configure:18259: $? = 0
configure:18269: result: yes
configure:18277: checking whether C++ compiler handles -Wextra
configure:18296: g++ -o conftest  -g -O2 -std=c++11  -Wextra   conftest.cpp  >&5
configure:18296: $? = 0
configure:18306: result: yes
configure:18314: checking whether C++ compiler handles -Wno-sign-compare
configure:18333: g++ -o conftest  -g -O2 -std=c++11  -Wsign-compare   conftest.cpp  >&5
configure:18333: $? = 0
configure:18343: result: yes
configure:18351: checking whether C++ compiler handles -Wno-unused-but-set-variable
configure:18370: g++ -o conftest  -g -O2 -std=c++11  -Wunused-but-set-variable   conftest.cpp  >&5
configure:18370: $? = 0
configure:18380: result: yes
configure:18388: checking whether C++ compiler handles -Wno-unused-parameter
configure:18407: g++ -o conftest  -g -O2 -std=c++11  -Wunused-parameter   conftest.cpp  >&5
configure:18407: $? = 0
configure:18417: result: yes
configure:18425: checking whether C++ compiler handles -Wno-unknown-warning-option
configure:18444: g++ -o conftest  -g -O2 -std=c++11  -Wunknown-warning-option   conftest.cpp  >&5
g++: error: unrecognized command line option '-Wunknown-warning-option'
configure:18444: $? = 1
configure: failed program was:
| /* confdefs.h */
| #define PACKAGE_NAME "libhdt"
| #define PACKAGE_TARNAME "hdt"
| #define PACKAGE_VERSION "1.1.2"
| #define PACKAGE_STRING "libhdt 1.1.2"
| #define PACKAGE_BUGREPORT "some@email.com"
| #define PACKAGE_URL "https://github.com/rdfhdt/hdt-cpp"
| #define PACKAGE "hdt"
| #define VERSION "1.1.2"
| #define HAVE_SYS_TYPES_H 1
| #define HAVE_SYS_STAT_H 1
| #define HAVE_STDLIB_H 1
| #define HAVE_STRING_H 1
| #define HAVE_MEMORY_H 1
| #define HAVE_STRINGS_H 1
| #define HAVE_INTTYPES_H 1
| #define HAVE_STDINT_H 1
| #define HAVE_UNISTD_H 1
| #define HAVE_DLFCN_H 1
| #define LT_OBJDIR ".libs/"
| #define HAVE_CXX11 1
| #define HAVE_LIBZ 1
| #define HAVE_SERD 1
| #define HAVE_STDLIB_H 1
| #define HAVE_MALLOC 1
| #define HAVE_STDLIB_H 1
| #define HAVE_REALLOC 1
| #define HAVE_SELECT 1
| /* end confdefs.h.  */
| 
| int
| main ()
| {
| 
|   ;
|   return 0;
| }
configure:18454: result: no
configure:18573: checking that generated files are newer than configure
configure:18579: result: done
configure:18646: creating ./config.status

## ---------------- ##
## Cache variables. ##
## ---------------- ##

ac_cv_build=x86_64-pc-linux-gnu
ac_cv_c_compiler_gnu=yes
ac_cv_c_inline=inline
ac_cv_c_uint32_t=yes
ac_cv_cxx_compiler_gnu=yes
ac_cv_env_CCC_set=
ac_cv_env_CCC_value=
ac_cv_env_CC_set=
ac_cv_env_CC_value=
ac_cv_env_CFLAGS_set=
ac_cv_env_CFLAGS_value=
ac_cv_env_CPPFLAGS_set=
ac_cv_env_CPPFLAGS_value=
ac_cv_env_CPP_set=
ac_cv_env_CPP_value=
ac_cv_env_CXXCPP_set=
ac_cv_env_CXXCPP_value=
ac_cv_env_CXXFLAGS_set=
ac_cv_env_CXXFLAGS_value=
ac_cv_env_CXX_set=
ac_cv_env_CXX_value=
ac_cv_env_KYOTO_CFLAGS_set=
ac_cv_env_KYOTO_CFLAGS_value=
ac_cv_env_KYOTO_LIBS_set=
ac_cv_env_KYOTO_LIBS_value=
ac_cv_env_LDFLAGS_set=
ac_cv_env_LDFLAGS_value=
ac_cv_env_LIBS_set=
ac_cv_env_LIBS_value=
ac_cv_env_LT_SYS_LIBRARY_PATH_set=
ac_cv_env_LT_SYS_LIBRARY_PATH_value=
ac_cv_env_PKG_CONFIG_LIBDIR_set=
ac_cv_env_PKG_CONFIG_LIBDIR_value=
ac_cv_env_PKG_CONFIG_PATH_set=
ac_cv_env_PKG_CONFIG_PATH_value=
ac_cv_env_PKG_CONFIG_set=
ac_cv_env_PKG_CONFIG_value=
ac_cv_env_SERD_CFLAGS_set=
ac_cv_env_SERD_CFLAGS_value=
ac_cv_env_SERD_LIBS_set=
ac_cv_env_SERD_LIBS_value=
ac_cv_env_ZLIB_CFLAGS_set=
ac_cv_env_ZLIB_CFLAGS_value=
ac_cv_env_ZLIB_LIBS_set=
ac_cv_env_ZLIB_LIBS_value=
ac_cv_env_build_alias_set=
ac_cv_env_build_alias_value=
ac_cv_env_host_alias_set=
ac_cv_env_host_alias_value=
ac_cv_env_target_alias_set=
ac_cv_env_target_alias_value=
ac_cv_func_malloc_0_nonnull=yes
ac_cv_func_realloc_0_nonnull=yes
ac_cv_func_select=yes
ac_cv_header_dlfcn_h=yes
ac_cv_header_inttypes_h=yes
ac_cv_header_memory_h=yes
ac_cv_header_stdbool_h=no
ac_cv_header_stdc=no
ac_cv_header_stdint_h=yes
ac_cv_header_stdlib_h=yes
ac_cv_header_string_h=yes
ac_cv_header_strings_h=yes
ac_cv_header_sys_stat_h=yes
ac_cv_header_sys_types_h=yes
ac_cv_header_unistd_h=yes
ac_cv_host=x86_64-pc-linux-gnu
ac_cv_objext=o
ac_cv_path_EGREP='/bin/grep -E'
ac_cv_path_FGREP='/bin/grep -F'
ac_cv_path_GREP=/bin/grep
ac_cv_path_SED=/bin/sed
ac_cv_path_ac_pt_PKG_CONFIG=/usr/bin/pkg-config
ac_cv_path_install='/usr/bin/install -c'
ac_cv_path_lt_DD=/bin/dd
ac_cv_path_mkdir=/bin/mkdir
ac_cv_prog_AWK=gawk
ac_cv_prog_CPP='gcc -E'
ac_cv_prog_CXXCPP='g++ -E'
ac_cv_prog_ac_ct_AR=ar
ac_cv_prog_ac_ct_CC=gcc
ac_cv_prog_ac_ct_CXX=g++
ac_cv_prog_ac_ct_MANIFEST_TOOL=mt
ac_cv_prog_ac_ct_OBJDUMP=objdump
ac_cv_prog_ac_ct_RANLIB=ranlib
ac_cv_prog_ac_ct_STRIP=strip
ac_cv_prog_cc_c89=
ac_cv_prog_cc_g=yes
ac_cv_prog_cxx_g=yes
ac_cv_prog_make_make_set=yes
ac_cv_type__Bool=no
ac_cv_type_size_t=yes
am_cv_CC_dependencies_compiler_type=gcc3
am_cv_CXX_dependencies_compiler_type=gcc3
am_cv_ar_interface=ar
am_cv_make_support_nested_variables=yes
am_cv_prog_cc_c_o=yes
ax_cv_cxx_compile_cxx11=yes
gl_cv_c_amsterdam_compiler=no
gl_cv_warn_cxx__Wall=yes
gl_cv_warn_cxx__Werror__Wunknown_warning_option=no
gl_cv_warn_cxx__Wextra=yes
gl_cv_warn_cxx__Wno_sign_compare=yes
gl_cv_warn_cxx__Wno_unknown_warning_option=no
gl_cv_warn_cxx__Wno_unused_but_set_variable=yes
gl_cv_warn_cxx__Wno_unused_parameter=yes
lt_cv_ar_at_file=@
lt_cv_archive_cmds_need_lc=no
lt_cv_deplibs_check_method=pass_all
lt_cv_file_magic_cmd='$MAGIC_CMD'
lt_cv_file_magic_test_file=
lt_cv_ld_reload_flag=-r
lt_cv_nm_interface='BSD nm'
lt_cv_objdir=.libs
lt_cv_path_LD=/usr/bin/ld
lt_cv_path_LDCXX='/usr/bin/ld -m elf_x86_64'
lt_cv_path_NM='/usr/bin/nm -B'
lt_cv_path_mainfest_tool=no
lt_cv_prog_compiler_c_o=yes
lt_cv_prog_compiler_c_o_CXX=yes
lt_cv_prog_compiler_pic='-fPIC -DPIC'
lt_cv_prog_compiler_pic_CXX='-fPIC -DPIC'
lt_cv_prog_compiler_pic_works=yes
lt_cv_prog_compiler_pic_works_CXX=yes
lt_cv_prog_compiler_rtti_exceptions=no
lt_cv_prog_compiler_static_works=yes
lt_cv_prog_compiler_static_works_CXX=yes
lt_cv_prog_gnu_ld=yes
lt_cv_prog_gnu_ldcxx=yes
lt_cv_sharedlib_from_linklib_cmd='printf %s\n'
lt_cv_shlibpath_overrides_runpath=yes
lt_cv_sys_global_symbol_pipe='sed -n -e '\''s/^.*[	 ]\([ABCDGIRSTW][ABCDGIRSTW]*\)[	 ][	 ]*\([_A-Za-z][_A-Za-z0-9]*\)$/\1 \2 \2/p'\'' | sed '\''/ __gnu_lto/d'\'''
lt_cv_sys_global_symbol_to_c_name_address='sed -n -e '\''s/^: \(.*\) .*$/  {"\1", (void *) 0},/p'\'' -e '\''s/^[ABCDGIRSTW][ABCDGIRSTW]* .* \(.*\)$/  {"\1", (void *) \&\1},/p'\'''
lt_cv_sys_global_symbol_to_c_name_address_lib_prefix='sed -n -e '\''s/^: \(.*\) .*$/  {"\1", (void *) 0},/p'\'' -e '\''s/^[ABCDGIRSTW][ABCDGIRSTW]* .* \(lib.*\)$/  {"\1", (void *) \&\1},/p'\'' -e '\''s/^[ABCDGIRSTW][ABCDGIRSTW]* .* \(.*\)$/  {"lib\1", (void *) \&\1},/p'\'''
lt_cv_sys_global_symbol_to_cdecl='sed -n -e '\''s/^T .* \(.*\)$/extern int \1();/p'\'' -e '\''s/^[ABCDGIRSTW][ABCDGIRSTW]* .* \(.*\)$/extern char \1;/p'\'''
lt_cv_sys_global_symbol_to_import=
lt_cv_sys_max_cmd_len=1572864
lt_cv_to_host_file_cmd=func_convert_file_noop
lt_cv_to_tool_file_cmd=func_convert_file_noop
lt_cv_truncate_bin='/bin/dd bs=4096 count=1'
pkg_cv_SERD_CFLAGS=-I/usr/local/include/serd-0
pkg_cv_SERD_LIBS='-L/usr/local/lib -lserd-0'
pkg_cv_ZLIB_CFLAGS=
pkg_cv_ZLIB_LIBS=-lz

## ----------------- ##
## Output variables. ##
## ----------------- ##

ACLOCAL='${SHELL} /home/fernandez/smartKG-creator-types/hdt-cpp-molecules/build/missing aclocal-1.15'
AMDEPBACKSLASH='\'
AMDEP_FALSE='#'
AMDEP_TRUE=''
AMTAR='$${TAR-tar}'
AM_BACKSLASH='\'
AM_DEFAULT_V='$(AM_DEFAULT_VERBOSITY)'
AM_DEFAULT_VERBOSITY='0'
AM_V='$(V)'
AR='ar'
ARFLAGS='cru'
AUTOCONF='${SHELL} /home/fernandez/smartKG-creator-types/hdt-cpp-molecules/build/missing autoconf'
AUTOHEADER='${SHELL} /home/fernandez/smartKG-creator-types/hdt-cpp-molecules/build/missing autoheader'
AUTOMAKE='${SHELL} /home/fernandez/smartKG-creator-types/hdt-cpp-molecules/build/missing automake-1.15'
AWK='gawk'
CC='gcc'
CCDEPMODE='depmode=gcc3'
CFLAGS='-g -O2'
CPP='gcc -E'
CPPFLAGS=''
CXX='g++'
CXXCPP='g++ -E'
CXXDEPMODE='depmode=gcc3'
CXXFLAGS=' -g -O2 -std=c++11'
CYGPATH_W='echo'
DEFS='-DHAVE_CONFIG_H'
DEPDIR='.deps'
DLLTOOL='false'
DSYMUTIL=''
DUMPBIN=''
ECHO_C=''
ECHO_N='-n'
ECHO_T=''
EGREP='/bin/grep -E'
EXEEXT=''
EXTRAFLAGS=' -DHAVE_LIBZ -DHAVE_SERD'
FGREP='/bin/grep -F'
GL_COND_LIBTOOL_FALSE=''
GL_COND_LIBTOOL_TRUE='#'
GREP='/bin/grep'
HAVE_CXX11='1'
INSTALL_DATA='${INSTALL} -m 644'
INSTALL_PROGRAM='${INSTALL}'
INSTALL_SCRIPT='${INSTALL}'
INSTALL_STRIP_PROGRAM='$(install_sh) -c -s'
KYOTO_CFLAGS=''
KYOTO_LIBS=''
LD='/usr/bin/ld -m elf_x86_64'
LDFLAGS=''
LIBGNU_LIBDEPS=''
LIBGNU_LTLIBDEPS=''
LIBOBJS=''
LIBS=''
LIBTOOL='$(SHELL) $(top_builddir)/libtool'
LIPO=''
LN_S='ln -s'
LTLIBOBJS=''
LT_SYS_LIBRARY_PATH=''
MAKEINFO='${SHELL} /home/fernandez/smartKG-creator-types/hdt-cpp-molecules/build/missing makeinfo'
MANIFEST_TOOL=':'
MKDIR_P='/bin/mkdir -p'
NM='/usr/bin/nm -B'
NMEDIT=''
OBJDUMP='objdump'
OBJEXT='o'
OTOOL64=''
OTOOL=''
PACKAGE='hdt'
PACKAGE_BUGREPORT='some@email.com'
PACKAGE_NAME='libhdt'
PACKAGE_STRING='libhdt 1.1.2'
PACKAGE_TARNAME='hdt'
PACKAGE_URL='https://github.com/rdfhdt/hdt-cpp'
PACKAGE_VERSION='1.1.2'
PATH_SEPARATOR=':'
PKG_CONFIG='/usr/bin/pkg-config'
PKG_CONFIG_LIBDIR=''
PKG_CONFIG_PATH=''
RANLIB='ranlib'
SED='/bin/sed'
SERD_CFLAGS='-I/usr/local/include/serd-0'
SERD_LIBS='-L/usr/local/lib -lserd-0'
SET_MAKE=''
SHELL='/bin/bash'
STRIP='strip'
VERSION='1.1.2'
WANTS_LIBCDS_FALSE='#'
WANTS_LIBCDS_TRUE=''
WARN_CFLAGS=' -Wall -Wextra -Wno-sign-compare -Wno-unused-but-set-variable -Wno-unused-parameter'
ZLIB_CFLAGS=''
ZLIB_LIBS='-lz'
ac_ct_AR='ar'
ac_ct_CC='gcc'
ac_ct_CXX='g++'
ac_ct_DUMPBIN=''
am__EXEEXT_FALSE=''
am__EXEEXT_TRUE='#'
am__fastdepCC_FALSE='#'
am__fastdepCC_TRUE=''
am__fastdepCXX_FALSE='#'
am__fastdepCXX_TRUE=''
am__include='include'
am__isrc=''
am__leading_dot='.'
am__nodep='_no'
am__quote=''
am__tar='$${TAR-tar} chof - "$$tardir"'
am__untar='$${TAR-tar} xf -'
bindir='${exec_prefix}/bin'
build='x86_64-pc-linux-gnu'
build_alias=''
build_cpu='x86_64'
build_os='linux-gnu'
build_vendor='pc'
datadir='${datarootdir}'
datarootdir='${prefix}/share'
docdir='${datarootdir}/doc/${PACKAGE_TARNAME}'
dvidir='${docdir}'
exec_prefix='${prefix}'
gl_LIBOBJS=''
gl_LTLIBOBJS=''
gltests_LIBOBJS=''
gltests_LTLIBOBJS=''
gltests_WITNESS='IN_HDT_GNULIB_TESTS'
host='x86_64-pc-linux-gnu'
host_alias=''
host_cpu='x86_64'
host_os='linux-gnu'
host_vendor='pc'
htmldir='${docdir}'
includedir='${prefix}/include'
infodir='${datarootdir}/info'
install_sh='${SHELL} /home/fernandez/smartKG-creator-types/hdt-cpp-molecules/build/install-sh'
libdir='${exec_prefix}/lib'
libexecdir='${exec_prefix}/libexec'
localedir='${datarootdir}/locale'
localstatedir='${prefix}/var'
mandir='${datarootdir}/man'
mkdir_p='$(MKDIR_P)'
oldincludedir='/usr/include'
pdfdir='${docdir}'
prefix='/usr/local'
program_transform_name='s,x,x,'
psdir='${docdir}'
runstatedir='${localstatedir}/run'
sbindir='${exec_prefix}/sbin'
sharedstatedir='${prefix}/com'
sysconfdir='${prefix}/etc'
target_alias=''

## ----------- ##
## confdefs.h. ##
## ----------- ##

/* confdefs.h */
#define PACKAGE_NAME "libhdt"
#define PACKAGE_TARNAME "hdt"
#define PACKAGE_VERSION "1.1.2"
#define PACKAGE_STRING "libhdt 1.1.2"
#define PACKAGE_BUGREPORT "some@email.com"
#define PACKAGE_URL "https://github.com/rdfhdt/hdt-cpp"
#define PACKAGE "hdt"
#define VERSION "1.1.2"
#define HAVE_SYS_TYPES_H 1
#define HAVE_SYS_STAT_H 1
#define HAVE_STDLIB_H 1
#define HAVE_STRING_H 1
#define HAVE_MEMORY_H 1
#define HAVE_STRINGS_H 1
#define HAVE_INTTYPES_H 1
#define HAVE_STDINT_H 1
#define HAVE_UNISTD_H 1
#define HAVE_DLFCN_H 1
#define LT_OBJDIR ".libs/"
#define HAVE_CXX11 1
#define HAVE_LIBZ 1
#define HAVE_SERD 1
#define HAVE_STDLIB_H 1
#define HAVE_MALLOC 1
#define HAVE_STDLIB_H 1
#define HAVE_REALLOC 1
#define HAVE_SELECT 1

configure: exit 0

## ---------------------- ##
## Running config.status. ##
## ---------------------- ##

This file was extended by libhdt config.status 1.1.2, which was
generated by GNU Autoconf 2.69.  Invocation command line was

  CONFIG_FILES    = 
  CONFIG_HEADERS  = 
  CONFIG_LINKS    = 
  CONFIG_COMMANDS = 
  $ ./config.status 

on quantum.ai.wu.ac.at

config.status:1186: creating Makefile
config.status:1186: creating libhdt/hdt.pc
config.status:1186: creating libhdt/Makefile
config.status:1186: creating libhdt/tools/Makefile
config.status:1186: creating libhdt/tests/Makefile
config.status:1186: creating libcds/cds.pc
config.status:1186: creating libcds/Makefile
config.status:1186: creating libcds/tests/Makefile
config.status:1186: creating build/config.h
config.status:1367: build/config.h is unchanged
config.status:1415: executing depfiles commands
config.status:1415: executing libtool commands
